<?xml version="1.0" encoding="UTF-8"?>
<testsuite name="GenerateChangeTest" tests="4" skipped="0" failures="0" errors="0" timestamp="2016-02-11T17:27:41" hostname="epicodus-55.local" time="0.002">
  <properties/>
  <testcase name="generateChange_AmountOfMoneyInCents_dimes" classname="GenerateChangeTest" time="0.001"/>
  <testcase name="generateChange_AmountOfMoneyInCents_pennies" classname="GenerateChangeTest" time="0.001"/>
  <testcase name="generateChange_AmountOfMoneyInCents_quarters" classname="GenerateChangeTest" time="0.0"/>
  <testcase name="generateChange_AmountOfMoneyInCents_nickels" classname="GenerateChangeTest" time="0.0"/>
  <system-out><![CDATA[]]></system-out>
  <system-err><![CDATA[]]></system-err>
</testsuite>
